The target system is: Generic -  - arm
The host system is: Windows - 10.0.19045 - AMD64
Checking whether the ASM compiler is GNU using "--version" matched "(GNU assembler)|(GCC)|(Free Software Foundation)":
arm-none-eabi-gcc.exe (Arm GNU Toolchain 12.3.Rel1 (Build arm-12.35)) 12.3.1 20230626
Copyright (C) 2022 Free Software Foundation, Inc.
This is free software; see the source for copying conditions.  There is NO
warranty; not even for MERCHANTABILITY or FITNESS FOR A PARTICULAR PURPOSE.

Compiling the C compiler identification source file "CMakeCCompilerId.c" succeeded.
Compiler: C:/NXP/MCUXpressoIDE_11.9.0_2144/ide/tools/bin/arm-none-eabi-gcc.exe 
Build flags: ;;;;-fstack-usage;;-D__NEWLIB__;;-fstack-usage;;-D__NEWLIB__
Id flags: -c 

The output was:
0


Compilation of the C compiler identification source "CMakeCCompilerId.c" produced "CMakeCCompilerId.o"

Compilation of the C compiler identification source "CMakeCCompilerId.c" produced "CMakeCCompilerId.su"

The C compiler identification is GNU, found in "F:/Files/Repos/BrutalistInstruments/YetAnotherExampleFolder/evkbimxrt1050_new_project/armgcc/debug/CMakeFiles/3.24.0-rc3/CompilerIdC/CMakeCCompilerId.o"

Compiling the CXX compiler identification source file "CMakeCXXCompilerId.cpp" succeeded.
Compiler: C:/NXP/MCUXpressoIDE_11.9.0_2144/ide/tools/bin/arm-none-eabi-g++.exe 
Build flags: ;;;;-fstack-usage;;-D__NEWLIB__;;-fstack-usage;;-D__NEWLIB__
Id flags: -c 

The output was:
0


Compilation of the CXX compiler identification source "CMakeCXXCompilerId.cpp" produced "CMakeCXXCompilerId.o"

Compilation of the CXX compiler identification source "CMakeCXXCompilerId.cpp" produced "CMakeCXXCompilerId.su"

The CXX compiler identification is GNU, found in "F:/Files/Repos/BrutalistInstruments/YetAnotherExampleFolder/evkbimxrt1050_new_project/armgcc/debug/CMakeFiles/3.24.0-rc3/CompilerIdCXX/CMakeCXXCompilerId.o"

